{"L":"INFO","T":"2024-12-21T19:09:00.503+0700","M":"Logger initialized successfully"}
{"L":"INFO","T":"2024-12-21T19:09:04.397+0700","M":"Starting category creation"}
{"L":"INFO","T":"2024-12-21T19:09:07.892+0700","M":"Creating category","name":"Roti"}
{"L":"INFO","T":"2024-12-21T19:09:07.892+0700","M":"Creating category","name":"Roti"}
{"L":"INFO","T":"2024-12-21T19:09:07.898+0700","M":"Successfully created product","name":"Roti"}
{"L":"INFO","T":"2024-12-21T19:09:07.898+0700","M":"Successfully created category","name":"Roti"}
{"L":"INFO","T":"2024-12-21T19:09:07.898+0700","M":"Category created successfully","categoryName":"Roti"}
{"L":"INFO","T":"2024-12-21T19:09:13.474+0700","M":"Fetching category by ID","id":1}
{"L":"INFO","T":"2024-12-21T19:09:13.474+0700","M":"Fetching category by ID","id":1}
{"L":"INFO","T":"2024-12-21T19:09:13.476+0700","M":"Successfully fetched category","id":1}
{"L":"INFO","T":"2024-12-21T19:09:13.476+0700","M":"Successfully fetched category","id":1}
{"L":"INFO","T":"2024-12-21T19:09:19.159+0700","M":"Fetching all category","page":1,"limit":10}
{"L":"INFO","T":"2024-12-21T19:09:19.159+0700","M":"Fetching all category","page":1,"limit":10}
{"L":"INFO","T":"2024-12-21T19:09:19.166+0700","M":"Successfully fetched products","totalRecords":22,"totalPages":3}
{"L":"INFO","T":"2024-12-21T19:09:19.167+0700","M":"Successfully fetched category","count":22,"totalPages":3}
{"L":"INFO","T":"2024-12-21T19:09:32.748+0700","M":"Starting product creation"}
{"L":"INFO","T":"2024-12-21T19:09:35.432+0700","M":"Image uploaded successfully","imageURL":"https://ik.imagekit.io/lumoshiveAcademy/golang-back-end/undefined/tmp-2-1734782973874__qePtXKBB"}
{"L":"INFO","T":"2024-12-21T19:09:35.432+0700","M":"Creating product","name":"sate kambing"}
{"L":"INFO","T":"2024-12-21T19:09:35.432+0700","M":"Creating product","name":"sate kambing"}
{"L":"INFO","T":"2024-12-21T19:09:35.437+0700","M":"Successfully created product","name":"sate kambing"}
{"L":"INFO","T":"2024-12-21T19:09:35.437+0700","M":"Successfully created product","name":"sate kambing"}
{"L":"INFO","T":"2024-12-21T19:09:35.437+0700","M":"Product created successfully","productName":"sate kambing"}
{"L":"INFO","T":"2024-12-21T19:09:41.154+0700","M":"Fetching all products","page":1,"limit":10}
{"L":"INFO","T":"2024-12-21T19:09:41.154+0700","M":"Fetching all products","page":1,"limit":10}
{"L":"INFO","T":"2024-12-21T19:09:41.157+0700","M":"Successfully fetched products","totalRecords":23,"totalPages":3}
{"L":"INFO","T":"2024-12-21T19:09:41.157+0700","M":"Successfully fetched products","count":23,"totalPages":3}
{"L":"INFO","T":"2024-12-21T19:09:41.157+0700","M":"Fetched products successfully","total":23,"pages":3}
{"L":"INFO","T":"2024-12-21T19:09:45.752+0700","M":"Fetching product by ID","id":1}
{"L":"INFO","T":"2024-12-21T19:09:45.752+0700","M":"Fetching product by ID","id":1}
{"L":"INFO","T":"2024-12-21T19:09:45.753+0700","M":"Successfully fetched product","id":1}
{"L":"INFO","T":"2024-12-21T19:09:45.753+0700","M":"Successfully fetched product","id":1}
{"L":"INFO","T":"2024-12-21T19:09:45.753+0700","M":"Fetched product successfully","id":1}
{"L":"INFO","T":"2024-12-21T19:09:49.855+0700","M":"Updating product","productID":1,"name":"pizza"}
{"L":"INFO","T":"2024-12-21T19:09:49.855+0700","M":"Updating product","productID":1}
{"L":"INFO","T":"2024-12-21T19:09:49.860+0700","M":"Successfully updated product","productID":1}
{"L":"INFO","T":"2024-12-21T19:09:49.860+0700","M":"Successfully updated product","productID":1}
{"L":"INFO","T":"2024-12-21T19:09:49.860+0700","M":"Product updated successfully","id":1}
{"L":"INFO","T":"2024-12-21T17:47:08.810+0700","M":"Logger initialized successfully"}
