mode: set
project_pos_app/main.go:38.13,40.16 2 0
project_pos_app/main.go:40.16,42.3 1 0
project_pos_app/main.go:44.2,54.12 4 0
project_pos_app/main.go:54.12,57.77 2 0
project_pos_app/main.go:57.77,59.4 1 0
project_pos_app/main.go:63.2,73.50 7 0
project_pos_app/main.go:73.50,75.3 1 0
project_pos_app/main.go:78.2,78.9 1 0
project_pos_app/main.go:79.28,80.39 1 0
project_pos_app/main.go:83.2,83.31 1 0
project_pos_app/config/config.go:38.34,54.16 12 0
project_pos_app/config/config.go:54.16,56.3 1 0
project_pos_app/config/config.go:58.2,86.20 2 0
project_pos_app/cmd/cron.go:12.51,17.45 2 0
project_pos_app/cmd/cron.go:17.45,22.17 5 0
project_pos_app/cmd/cron.go:22.17,24.4 1 0
project_pos_app/cmd/cron.go:24.9,26.4 1 0
project_pos_app/cmd/cron.go:28.2,28.16 1 0
project_pos_app/cmd/cron.go:28.16,30.3 1 0
project_pos_app/cmd/cron.go:33.2,36.12 2 0
project_pos_app/cmd/cron.go:36.12,37.10 1 0
project_pos_app/cmd/cron.go:40.2,41.12 2 0
project_pos_app/controller/controller.go:19.104,25.2 1 0
project_pos_app/controller/auth_controller/auth.go:21.99,27.2 1 0
project_pos_app/controller/auth_controller/auth.go:29.47,34.16 4 0
project_pos_app/controller/auth_controller/auth.go:34.16,38.3 3 0
project_pos_app/controller/auth_controller/auth.go:40.2,41.16 2 0
project_pos_app/controller/auth_controller/auth.go:41.16,45.3 3 0
project_pos_app/controller/auth_controller/auth.go:47.2,53.16 5 0
project_pos_app/controller/auth_controller/auth.go:53.16,55.3 1 0
project_pos_app/controller/auth_controller/auth.go:57.2,57.67 1 0
project_pos_app/controller/example_controller/example.go:17.91,19.2 1 0
project_pos_app/model/notif.go:17.50,25.2 1 0
project_pos_app/model/notif.go:27.40,58.2 1 0
project_pos_app/repository/repository.go:18.62,24.2 1 0
project_pos_app/repository/auth_repository/auth.go:22.79,24.2 1 0
project_pos_app/repository/auth_repository/auth.go:26.96,33.25 4 0
project_pos_app/repository/auth_repository/auth.go:33.25,34.45 1 0
project_pos_app/repository/auth_repository/auth.go:34.45,36.4 1 0
project_pos_app/repository/auth_repository/auth.go:37.3,37.31 1 0
project_pos_app/repository/auth_repository/auth.go:40.2,50.49 4 0
project_pos_app/repository/auth_repository/auth.go:50.49,52.3 1 0
project_pos_app/repository/auth_repository/auth.go:54.2,54.35 1 0
project_pos_app/repository/auth_repository/auth.go:54.35,55.53 1 0
project_pos_app/repository/auth_repository/auth.go:55.53,57.4 1 0
project_pos_app/repository/auth_repository/auth.go:59.8,61.51 2 0
project_pos_app/repository/auth_repository/auth.go:61.51,63.4 1 0
project_pos_app/repository/auth_repository/auth.go:66.2,66.33 1 0
project_pos_app/service/service.go:18.81,24.2 1 0
project_pos_app/service/auth_service/auth.go:19.95,21.2 1 0
project_pos_app/service/auth_service/auth.go:23.100,26.16 2 0
project_pos_app/service/auth_service/auth.go:26.16,28.3 1 0
project_pos_app/service/auth_service/auth.go:30.2,30.28 1 0
project_pos_app/database/database.go:15.55,33.16 3 0
project_pos_app/database/database.go:33.16,35.3 1 0
project_pos_app/database/database.go:37.2,37.19 1 0
project_pos_app/database/database.go:37.19,38.39 1 0
project_pos_app/database/database.go:38.39,40.4 1 0
project_pos_app/database/database.go:43.2,43.16 1 0
project_pos_app/database/database.go:43.16,44.37 1 0
project_pos_app/database/database.go:44.37,46.4 1 0
project_pos_app/database/database.go:49.2,49.16 1 0
project_pos_app/database/migration.go:11.35,16.24 1 0
project_pos_app/database/migration.go:16.24,18.3 1 0
project_pos_app/database/migration.go:21.2,29.37 2 0
project_pos_app/database/migration.go:29.37,32.17 3 0
project_pos_app/database/migration.go:32.17,34.4 1 0
project_pos_app/database/migration.go:36.3,36.16 1 0
project_pos_app/database/migration.go:36.16,38.12 2 0
project_pos_app/database/migration.go:42.3,42.57 1 0
project_pos_app/database/migration.go:42.57,44.4 1 0
project_pos_app/database/migration.go:47.3,47.99 1 0
project_pos_app/database/migration.go:47.99,49.4 1 0
project_pos_app/database/migration.go:51.3,51.69 1 0
project_pos_app/database/migration.go:54.2,54.12 1 0
project_pos_app/database/redis.go:18.70,24.2 1 0
project_pos_app/database/redis.go:26.53,32.2 1 0
project_pos_app/database/redis.go:34.55,36.2 1 0
project_pos_app/database/redis.go:38.50,40.2 1 0
project_pos_app/database/redis.go:42.46,44.2 1 0
project_pos_app/database/redis.go:46.54,48.2 1 0
project_pos_app/database/redis.go:50.60,52.2 1 0
project_pos_app/database/redis.go:54.50,56.2 1 0
project_pos_app/database/redis.go:58.43,60.2 1 0
project_pos_app/database/redis.go:62.47,64.2 1 0
project_pos_app/database/redis.go:66.29,68.6 2 0
project_pos_app/database/redis.go:68.6,72.17 4 0
project_pos_app/database/redis.go:72.17,73.14 1 0
project_pos_app/database/redis.go:76.3,76.28 1 0
project_pos_app/database/redis.go:76.28,78.4 1 0
project_pos_app/database/redis.go:80.3,80.18 1 0
project_pos_app/database/redis.go:80.18,81.9 1 0
project_pos_app/database/redis.go:86.36,89.6 3 0
project_pos_app/database/redis.go:89.6,93.17 4 0
project_pos_app/database/redis.go:93.17,94.14 1 0
project_pos_app/database/redis.go:97.3,99.18 2 0
project_pos_app/database/redis.go:99.18,100.9 1 0
project_pos_app/database/redis.go:104.2,104.15 1 0
project_pos_app/database/redis.go:107.59,110.6 3 0
project_pos_app/database/redis.go:110.6,114.17 4 0
project_pos_app/database/redis.go:114.17,115.14 1 0
project_pos_app/database/redis.go:118.3,120.18 2 0
project_pos_app/database/redis.go:120.18,121.9 1 0
project_pos_app/database/redis.go:125.2,125.15 1 0
project_pos_app/database/redis.go:129.67,131.2 1 0
project_pos_app/database/redis.go:133.70,137.2 3 0
project_pos_app/database/redis.go:139.43,141.2 1 0
project_pos_app/database/seeder.go:13.33,14.48 1 0
project_pos_app/database/seeder.go:14.48,16.30 2 0
project_pos_app/database/seeder.go:16.30,20.61 3 0
project_pos_app/database/seeder.go:20.61,23.5 2 0
project_pos_app/database/seeder.go:25.4,25.17 1 0
project_pos_app/database/seeder.go:25.17,27.13 2 0
project_pos_app/database/seeder.go:30.4,31.18 2 0
project_pos_app/database/seeder.go:31.18,34.13 3 0
project_pos_app/database/seeder.go:37.4,37.27 1 0
project_pos_app/database/seeder.go:40.3,41.13 2 0
project_pos_app/database/seeder.go:46.51,47.39 1 0
project_pos_app/database/seeder.go:47.39,49.22 2 0
project_pos_app/database/seeder.go:49.22,54.47 2 0
project_pos_app/database/seeder.go:54.47,56.5 1 0
project_pos_app/database/seeder.go:62.44,64.36 2 0
project_pos_app/database/seeder.go:64.36,66.3 1 0
project_pos_app/database/seeder.go:67.2,67.39 1 0
project_pos_app/database/seeder.go:67.39,69.3 1 0
project_pos_app/database/seeder.go:70.2,70.11 1 0
project_pos_app/database/seeder.go:73.32,77.2 1 0
project_pos_app/infra/integration.go:23.57,25.63 1 0
project_pos_app/infra/integration.go:25.63,27.3 1 0
project_pos_app/infra/integration.go:29.2,30.16 2 0
project_pos_app/infra/integration.go:30.16,32.3 1 0
project_pos_app/infra/integration.go:34.2,35.16 2 0
project_pos_app/infra/integration.go:35.16,37.3 1 0
project_pos_app/infra/integration.go:39.2,40.16 2 0
project_pos_app/infra/integration.go:40.16,42.3 1 0
project_pos_app/infra/integration.go:44.2,58.8 5 0
project_pos_app/helper/logger.go:12.54,15.15 2 0
project_pos_app/helper/logger.go:15.15,17.3 1 0
project_pos_app/helper/logger.go:19.2,31.16 3 0
project_pos_app/helper/logger.go:31.16,34.3 2 0
project_pos_app/helper/logger.go:36.2,45.20 5 0
project_pos_app/helper/mockDB.go:14.48,22.2 4 0
project_pos_app/helper/mockDB.go:24.79,33.2 5 0
project_pos_app/helper/response.go:17.70,23.2 1 0
project_pos_app/helper/response.go:25.132,35.2 1 0
project_pos_app/repository/repository.go:18.62,24.2 1 0
project_pos_app/model/notif.go:17.50,25.2 1 0
project_pos_app/model/notif.go:27.40,58.2 1 0
project_pos_app/repository/auth_repository/auth.go:22.79,24.2 1 0
project_pos_app/repository/auth_repository/auth.go:26.96,33.25 4 0
project_pos_app/repository/auth_repository/auth.go:33.25,34.45 1 0
project_pos_app/repository/auth_repository/auth.go:34.45,36.4 1 0
project_pos_app/repository/auth_repository/auth.go:37.3,37.31 1 0
project_pos_app/repository/auth_repository/auth.go:40.2,50.49 4 0
project_pos_app/repository/auth_repository/auth.go:50.49,52.3 1 0
project_pos_app/repository/auth_repository/auth.go:54.2,54.35 1 0
project_pos_app/repository/auth_repository/auth.go:54.35,55.53 1 0
project_pos_app/repository/auth_repository/auth.go:55.53,57.4 1 0
project_pos_app/repository/auth_repository/auth.go:59.8,61.51 2 0
project_pos_app/repository/auth_repository/auth.go:61.51,63.4 1 0
project_pos_app/repository/auth_repository/auth.go:66.2,66.33 1 0
project_pos_app/config/config.go:38.34,54.16 12 0
project_pos_app/config/config.go:54.16,56.3 1 0
project_pos_app/config/config.go:58.2,86.20 2 0
project_pos_app/controller/notif_controller/notif_controller.go:19.87,24.2 1 1
project_pos_app/controller/notif_controller/notif_controller.go:26.65,29.16 3 1
project_pos_app/controller/notif_controller/notif_controller.go:29.16,34.3 4 1
project_pos_app/controller/notif_controller/notif_controller.go:36.2,37.16 2 1
project_pos_app/controller/notif_controller/notif_controller.go:37.16,42.3 4 0
project_pos_app/controller/notif_controller/notif_controller.go:44.2,44.84 1 1
project_pos_app/controller/notif_controller/notif_controller.go:47.65,50.16 3 1
project_pos_app/controller/notif_controller/notif_controller.go:50.16,55.3 4 1
project_pos_app/controller/notif_controller/notif_controller.go:56.2,56.90 1 1
project_pos_app/controller/notif_controller/notif_controller.go:59.65,62.16 3 1
project_pos_app/controller/notif_controller/notif_controller.go:62.16,67.3 4 1
project_pos_app/controller/notif_controller/notif_controller.go:69.2,70.16 2 1
project_pos_app/controller/notif_controller/notif_controller.go:70.16,75.3 4 1
project_pos_app/controller/notif_controller/notif_controller.go:76.2,76.91 1 1
project_pos_app/controller/notif_controller/notif_controller.go:79.64,82.16 3 1
project_pos_app/controller/notif_controller/notif_controller.go:82.16,87.3 4 1
project_pos_app/controller/notif_controller/notif_controller.go:89.2,89.75 1 1
project_pos_app/controller/notif_controller/notif_controller.go:89.75,94.3 4 0
project_pos_app/controller/notif_controller/notif_controller.go:95.2,95.80 1 1
project_pos_app/controller/notif_controller/notif_controller.go:98.64,101.16 3 1
project_pos_app/controller/notif_controller/notif_controller.go:101.16,106.3 4 1
project_pos_app/controller/notif_controller/notif_controller.go:108.2,108.75 1 1
project_pos_app/controller/notif_controller/notif_controller.go:108.75,113.3 4 0
project_pos_app/controller/notif_controller/notif_controller.go:114.2,114.80 1 1
project_pos_app/controller/notif_controller/notif_controller.go:117.72,118.69 1 1
project_pos_app/controller/notif_controller/notif_controller.go:118.69,123.3 4 0
project_pos_app/controller/notif_controller/notif_controller.go:124.2,124.79 1 1
project_pos_app/helper/logger.go:12.54,15.15 2 0
project_pos_app/helper/logger.go:15.15,17.3 1 0
project_pos_app/helper/logger.go:19.2,31.16 3 0
project_pos_app/helper/logger.go:31.16,34.3 2 0
project_pos_app/helper/logger.go:36.2,45.20 5 0
project_pos_app/helper/mockDB.go:14.48,22.2 4 0
project_pos_app/helper/mockDB.go:24.79,33.2 5 1
project_pos_app/helper/response.go:17.70,23.2 1 1
project_pos_app/helper/response.go:25.132,35.2 1 0
project_pos_app/model/notif.go:17.50,25.2 1 0
project_pos_app/model/notif.go:27.40,58.2 1 0
project_pos_app/repository/repository.go:18.62,24.2 1 0
project_pos_app/repository/auth_repository/auth.go:22.79,24.2 1 0
project_pos_app/repository/auth_repository/auth.go:26.96,33.25 4 0
project_pos_app/repository/auth_repository/auth.go:33.25,34.45 1 0
project_pos_app/repository/auth_repository/auth.go:34.45,36.4 1 0
project_pos_app/repository/auth_repository/auth.go:37.3,37.31 1 0
project_pos_app/repository/auth_repository/auth.go:40.2,50.49 4 0
project_pos_app/repository/auth_repository/auth.go:50.49,52.3 1 0
project_pos_app/repository/auth_repository/auth.go:54.2,54.35 1 0
project_pos_app/repository/auth_repository/auth.go:54.35,55.53 1 0
project_pos_app/repository/auth_repository/auth.go:55.53,57.4 1 0
project_pos_app/repository/auth_repository/auth.go:59.8,61.51 2 0
project_pos_app/repository/auth_repository/auth.go:61.51,63.4 1 0
project_pos_app/repository/auth_repository/auth.go:66.2,66.33 1 0
project_pos_app/service/service.go:18.81,24.2 1 0
project_pos_app/service/auth_service/auth.go:19.95,21.2 1 0
project_pos_app/service/auth_service/auth.go:23.100,26.16 2 0
project_pos_app/service/auth_service/auth.go:26.16,28.3 1 0
project_pos_app/service/auth_service/auth.go:30.2,30.28 1 0
project_pos_app/service/service.go:18.81,24.2 1 0
project_pos_app/router/router.go:9.59,17.2 4 0
project_pos_app/router/router.go:19.71,21.2 2 0
project_pos_app/router/router.go:21.2,28.3 6 0
project_pos_app/service/auth_service/auth.go:19.95,21.2 1 0
project_pos_app/service/auth_service/auth.go:23.100,26.16 2 0
project_pos_app/service/auth_service/auth.go:26.16,28.3 1 0
project_pos_app/service/auth_service/auth.go:30.2,30.28 1 0
project_pos_app/config/config.go:38.34,54.16 12 0
project_pos_app/config/config.go:54.16,56.3 1 0
project_pos_app/config/config.go:58.2,86.20 2 0
project_pos_app/helper/logger.go:12.54,15.15 2 0
project_pos_app/helper/logger.go:15.15,17.3 1 0
project_pos_app/helper/logger.go:19.2,31.16 3 0
project_pos_app/helper/logger.go:31.16,34.3 2 0
project_pos_app/helper/logger.go:36.2,45.20 5 0
project_pos_app/helper/mockDB.go:14.48,22.2 4 1
project_pos_app/helper/mockDB.go:24.79,33.2 5 0
project_pos_app/helper/response.go:17.70,23.2 1 0
project_pos_app/helper/response.go:25.132,35.2 1 0
project_pos_app/model/notif.go:17.50,25.2 1 0
project_pos_app/model/notif.go:27.40,58.2 1 0
project_pos_app/repository/repository.go:18.62,24.2 1 0
project_pos_app/repository/auth_repository/auth.go:22.79,24.2 1 0
project_pos_app/repository/auth_repository/auth.go:26.96,33.25 4 0
project_pos_app/repository/auth_repository/auth.go:33.25,34.45 1 0
project_pos_app/repository/auth_repository/auth.go:34.45,36.4 1 0
project_pos_app/repository/auth_repository/auth.go:37.3,37.31 1 0
project_pos_app/repository/auth_repository/auth.go:40.2,50.49 4 0
project_pos_app/repository/auth_repository/auth.go:50.49,52.3 1 0
project_pos_app/repository/auth_repository/auth.go:54.2,54.35 1 0
project_pos_app/repository/auth_repository/auth.go:54.35,55.53 1 0
project_pos_app/repository/auth_repository/auth.go:55.53,57.4 1 0
project_pos_app/repository/auth_repository/auth.go:59.8,61.51 2 0
project_pos_app/repository/auth_repository/auth.go:61.51,63.4 1 0
project_pos_app/repository/auth_repository/auth.go:66.2,66.33 1 0
project_pos_app/repository/notification/notif_repository.go:25.68,27.2 1 1
project_pos_app/repository/notification/notif_repository.go:29.59,30.49 1 1
project_pos_app/repository/notification/notif_repository.go:30.49,32.3 1 1
project_pos_app/repository/notification/notif_repository.go:34.2,34.12 1 1
project_pos_app/repository/notification/notif_repository.go:37.77,39.18 2 1
project_pos_app/repository/notification/notif_repository.go:39.18,41.3 1 1
project_pos_app/repository/notification/notif_repository.go:43.2,43.73 1 1
project_pos_app/repository/notification/notif_repository.go:43.73,46.3 2 1
project_pos_app/repository/notification/notif_repository.go:48.2,48.12 1 1
project_pos_app/repository/notification/notif_repository.go:51.66,54.16 3 1
project_pos_app/repository/notification/notif_repository.go:54.16,57.3 2 1
project_pos_app/repository/notification/notif_repository.go:58.2,58.18 1 1
project_pos_app/repository/notification/notif_repository.go:61.68,64.16 3 1
project_pos_app/repository/notification/notif_repository.go:64.16,67.3 2 1
project_pos_app/repository/notification/notif_repository.go:69.2,70.47 2 1
project_pos_app/repository/notification/notif_repository.go:70.47,73.3 2 0
project_pos_app/repository/notification/notif_repository.go:75.2,75.12 1 1
project_pos_app/repository/notification/notif_repository.go:78.42,79.69 1 1
project_pos_app/repository/notification/notif_repository.go:79.69,82.3 2 1
project_pos_app/repository/notification/notif_repository.go:84.2,84.12 1 1
project_pos_app/repository/notification/notif_repository.go:87.43,88.118 1 1
project_pos_app/repository/notification/notif_repository.go:88.118,91.3 2 1
project_pos_app/repository/notification/notif_repository.go:93.2,93.12 1 1
project_pos_app/repository/notification/notif_repository_mock.go:14.73,16.2 1 0
project_pos_app/repository/notification/notif_repository_mock.go:18.52,20.2 1 0
project_pos_app/repository/notification/notif_repository_mock.go:22.50,24.2 1 0
project_pos_app/repository/notification/notif_repository_mock.go:26.73,28.2 1 0
project_pos_app/repository/notification/notif_repository_mock.go:30.51,32.2 1 0
project_pos_app/repository/notification/notif_repository_mock.go:34.52,36.2 1 0
project_pos_app/repository/notification/notif_repository_mock.go:38.56,41.38 2 0
project_pos_app/repository/notification/notif_repository_mock.go:41.38,43.3 1 0
project_pos_app/repository/notification/notif_repository_mock.go:45.2,45.12 1 0
project_pos_app/repository/notification/notif_repository_mock.go:48.74,51.54 2 0
project_pos_app/repository/notification/notif_repository_mock.go:51.54,54.3 2 0
project_pos_app/repository/notification/notif_repository_mock.go:56.2,56.22 1 0
project_pos_app/repository/notification/notif_repository_mock.go:59.63,63.2 2 0
project_pos_app/repository/notification/notif_repository_mock.go:65.65,68.24 2 0
project_pos_app/repository/notification/notif_repository_mock.go:68.24,72.3 3 0
project_pos_app/repository/notification/notif_repository_mock.go:74.2,74.22 1 0
project_pos_app/repository/notification/notif_repository_mock.go:77.39,79.16 2 0
project_pos_app/repository/notification/notif_repository_mock.go:79.16,81.3 1 0
project_pos_app/repository/notification/notif_repository_mock.go:83.2,84.54 2 0
project_pos_app/repository/notification/notif_repository_mock.go:84.54,86.3 1 0
project_pos_app/repository/notification/notif_repository_mock.go:88.2,88.22 1 0
project_pos_app/repository/notification/notif_repository_mock.go:91.40,94.54 2 0
project_pos_app/repository/notification/notif_repository_mock.go:94.54,95.57 1 0
project_pos_app/repository/notification/notif_repository_mock.go:95.57,96.25 1 0
project_pos_app/repository/notification/notif_repository_mock.go:96.25,98.5 1 0
project_pos_app/repository/notification/notif_repository_mock.go:101.3,101.13 1 0
project_pos_app/repository/notification/notif_repository_mock.go:104.2,104.22 1 0
project_pos_app/repository/example_repository/example.go:16.69,18.2 1 0
project_pos_app/model/notif.go:17.50,25.2 1 0
project_pos_app/model/notif.go:27.40,58.2 1 0
project_pos_app/repository/repository.go:18.62,24.2 1 0
project_pos_app/repository/auth_repository/auth.go:22.79,24.2 1 0
project_pos_app/repository/auth_repository/auth.go:26.96,33.25 4 0
project_pos_app/repository/auth_repository/auth.go:33.25,34.45 1 0
project_pos_app/repository/auth_repository/auth.go:34.45,36.4 1 0
project_pos_app/repository/auth_repository/auth.go:37.3,37.31 1 0
project_pos_app/repository/auth_repository/auth.go:40.2,50.49 4 0
project_pos_app/repository/auth_repository/auth.go:50.49,52.3 1 0
project_pos_app/repository/auth_repository/auth.go:54.2,54.35 1 0
project_pos_app/repository/auth_repository/auth.go:54.35,55.53 1 0
project_pos_app/repository/auth_repository/auth.go:55.53,57.4 1 0
project_pos_app/repository/auth_repository/auth.go:59.8,61.51 2 0
project_pos_app/repository/auth_repository/auth.go:61.51,63.4 1 0
project_pos_app/repository/auth_repository/auth.go:66.2,66.33 1 0
project_pos_app/service/example_service/example.go:17.88,19.2 1 0
project_pos_app/config/config.go:38.34,54.16 12 0
project_pos_app/config/config.go:54.16,56.3 1 0
project_pos_app/config/config.go:58.2,86.20 2 0
project_pos_app/helper/logger.go:12.54,15.15 2 0
project_pos_app/helper/logger.go:15.15,17.3 1 0
project_pos_app/helper/logger.go:19.2,31.16 3 0
project_pos_app/helper/logger.go:31.16,34.3 2 0
project_pos_app/helper/logger.go:36.2,45.20 5 0
project_pos_app/helper/mockDB.go:14.48,22.2 4 0
project_pos_app/helper/mockDB.go:24.79,33.2 5 1
project_pos_app/helper/response.go:17.70,23.2 1 0
project_pos_app/helper/response.go:25.132,35.2 1 0
project_pos_app/model/notif.go:17.50,25.2 1 0
project_pos_app/model/notif.go:27.40,58.2 1 0
project_pos_app/repository/repository.go:18.62,24.2 1 0
project_pos_app/repository/auth_repository/auth.go:22.79,24.2 1 0
project_pos_app/repository/auth_repository/auth.go:26.96,33.25 4 0
project_pos_app/repository/auth_repository/auth.go:33.25,34.45 1 0
project_pos_app/repository/auth_repository/auth.go:34.45,36.4 1 0
project_pos_app/repository/auth_repository/auth.go:37.3,37.31 1 0
project_pos_app/repository/auth_repository/auth.go:40.2,50.49 4 0
project_pos_app/repository/auth_repository/auth.go:50.49,52.3 1 0
project_pos_app/repository/auth_repository/auth.go:54.2,54.35 1 0
project_pos_app/repository/auth_repository/auth.go:54.35,55.53 1 0
project_pos_app/repository/auth_repository/auth.go:55.53,57.4 1 0
project_pos_app/repository/auth_repository/auth.go:59.8,61.51 2 0
project_pos_app/repository/auth_repository/auth.go:61.51,63.4 1 0
project_pos_app/repository/auth_repository/auth.go:66.2,66.33 1 0
project_pos_app/service/notif_service/notif_service.go:26.93,31.2 1 1
project_pos_app/service/notif_service/notif_service.go:33.74,35.23 2 1
project_pos_app/service/notif_service/notif_service.go:35.23,37.3 1 1
project_pos_app/service/notif_service/notif_service.go:38.2,41.22 3 1
project_pos_app/service/notif_service/notif_service.go:41.22,43.3 1 1
project_pos_app/service/notif_service/notif_service.go:45.2,45.34 1 1
project_pos_app/service/notif_service/notif_service.go:48.89,50.68 2 1
project_pos_app/service/notif_service/notif_service.go:50.68,53.3 2 0
project_pos_app/service/notif_service/notif_service.go:54.2,54.27 1 1
project_pos_app/service/notif_service/notif_service.go:57.80,59.16 2 1
project_pos_app/service/notif_service/notif_service.go:59.16,62.3 2 0
project_pos_app/service/notif_service/notif_service.go:64.2,64.30 1 1
project_pos_app/service/notif_service/notif_service.go:64.30,66.3 1 1
project_pos_app/service/notif_service/notif_service.go:68.2,68.26 1 1
project_pos_app/service/notif_service/notif_service.go:71.57,73.16 2 1
project_pos_app/service/notif_service/notif_service.go:73.16,76.3 2 0
project_pos_app/service/notif_service/notif_service.go:78.2,78.30 1 1
project_pos_app/service/notif_service/notif_service.go:78.30,80.3 1 1
project_pos_app/service/notif_service/notif_service.go:82.2,83.63 2 1
project_pos_app/service/notif_service/notif_service.go:83.63,86.3 2 0
project_pos_app/service/notif_service/notif_service.go:88.2,88.12 1 1
project_pos_app/service/notif_service/notif_service.go:91.57,93.16 2 1
project_pos_app/service/notif_service/notif_service.go:93.16,96.3 2 0
project_pos_app/service/notif_service/notif_service.go:98.2,98.23 1 1
project_pos_app/service/notif_service/notif_service.go:98.23,100.3 1 1
project_pos_app/service/notif_service/notif_service.go:102.2,102.48 1 1
project_pos_app/service/notif_service/notif_service.go:102.48,105.3 2 0
project_pos_app/service/notif_service/notif_service.go:106.2,106.12 1 1
project_pos_app/service/notif_service/notif_service.go:109.59,110.53 1 1
project_pos_app/service/notif_service/notif_service.go:110.53,113.3 2 0
project_pos_app/service/notif_service/notif_service.go:114.2,114.12 1 1
project_pos_app/service/notif_service/notif_service_mock.go:28.96,33.2 1 0
project_pos_app/service/notif_service/notif_service_mock.go:36.78,39.2 2 0
project_pos_app/service/notif_service/notif_service_mock.go:42.93,66.16 5 0
project_pos_app/service/notif_service/notif_service_mock.go:66.16,69.3 2 0
project_pos_app/service/notif_service/notif_service_mock.go:71.2,71.25 1 0
project_pos_app/service/notif_service/notif_service_mock.go:75.84,78.2 2 0
project_pos_app/service/notif_service/notif_service_mock.go:81.61,90.2 3 0
project_pos_app/service/notif_service/notif_service_mock.go:93.61,96.2 2 0
project_pos_app/service/notif_service/notif_service_mock.go:99.63,102.2 2 0
